{"C:\\Users\\ZIDANE\\Desktop\\code\\test\\test-eigen\\src\\features\\app\\utils\\index.ts": {"path":"C:\\Users\\ZIDANE\\Desktop\\code\\test\\test-eigen\\src\\features\\app\\utils\\index.ts","statementMap":{"0":{"start":{"line":1,"column":29},"end":{"line":3,"column":1}},"1":{"start":{"line":2,"column":2},"end":{"line":2,"column":42}},"2":{"start":{"line":5,"column":27},"end":{"line":12,"column":1}},"3":{"start":{"line":6,"column":15},"end":{"line":6,"column":77}},"4":{"start":{"line":6,"column":48},"end":{"line":6,"column":75}},"5":{"start":{"line":7,"column":17},"end":{"line":7,"column":28}},"6":{"start":{"line":8,"column":2},"end":{"line":11,"column":4}},"7":{"start":{"line":14,"column":33},"end":{"line":29,"column":1}},"8":{"start":{"line":18,"column":27},"end":{"line":18,"column":29}},"9":{"start":{"line":20,"column":44},"end":{"line":20,"column":46}},"10":{"start":{"line":21,"column":2},"end":{"line":23,"column":3}},"11":{"start":{"line":22,"column":4},"end":{"line":22,"column":49}},"12":{"start":{"line":25,"column":2},"end":{"line":27,"column":3}},"13":{"start":{"line":26,"column":4},"end":{"line":26,"column":38}},"14":{"start":{"line":28,"column":2},"end":{"line":28,"column":16}},"15":{"start":{"line":31,"column":34},"end":{"line":42,"column":1}},"16":{"start":{"line":32,"column":18},"end":{"line":32,"column":19}},"17":{"start":{"line":33,"column":18},"end":{"line":33,"column":19}},"18":{"start":{"line":35,"column":2},"end":{"line":38,"column":3}},"19":{"start":{"line":35,"column":15},"end":{"line":35,"column":16}},"20":{"start":{"line":36,"column":4},"end":{"line":36,"column":30}},"21":{"start":{"line":37,"column":4},"end":{"line":37,"column":50}},"22":{"start":{"line":40,"column":21},"end":{"line":40,"column":52}},"23":{"start":{"line":41,"column":2},"end":{"line":41,"column":20}}},"fnMap":{"0":{"name":"(anonymous_0)","decl":{"start":{"line":1,"column":29},"end":{"line":1,"column":30}},"loc":{"start":{"line":1,"column":54},"end":{"line":3,"column":1}},"line":1},"1":{"name":"(anonymous_1)","decl":{"start":{"line":5,"column":27},"end":{"line":5,"column":28}},"loc":{"start":{"line":5,"column":44},"end":{"line":12,"column":1}},"line":5},"2":{"name":"(anonymous_2)","decl":{"start":{"line":6,"column":37},"end":{"line":6,"column":38}},"loc":{"start":{"line":6,"column":48},"end":{"line":6,"column":75}},"line":6},"3":{"name":"(anonymous_3)","decl":{"start":{"line":14,"column":33},"end":{"line":14,"column":34}},"loc":{"start":{"line":17,"column":15},"end":{"line":29,"column":1}},"line":17},"4":{"name":"(anonymous_4)","decl":{"start":{"line":31,"column":34},"end":{"line":31,"column":35}},"loc":{"start":{"line":31,"column":66},"end":{"line":42,"column":1}},"line":31}},"branchMap":{"0":{"loc":{"start":{"line":6,"column":48},"end":{"line":6,"column":75}},"type":"cond-expr","locations":[{"start":{"line":6,"column":70},"end":{"line":6,"column":71}},{"start":{"line":6,"column":74},"end":{"line":6,"column":75}}],"line":6},"1":{"loc":{"start":{"line":22,"column":23},"end":{"line":22,"column":43}},"type":"binary-expr","locations":[{"start":{"line":22,"column":23},"end":{"line":22,"column":38}},{"start":{"line":22,"column":42},"end":{"line":22,"column":43}}],"line":22},"2":{"loc":{"start":{"line":26,"column":16},"end":{"line":26,"column":36}},"type":"binary-expr","locations":[{"start":{"line":26,"column":16},"end":{"line":26,"column":31}},{"start":{"line":26,"column":35},"end":{"line":26,"column":36}}],"line":26}},"s":{"0":1,"1":3,"2":1,"3":2,"4":3,"5":2,"6":2,"7":1,"8":1,"9":1,"10":1,"11":6,"12":1,"13":4,"14":1,"15":1,"16":2,"17":2,"18":2,"19":2,"20":6,"21":6,"22":2,"23":2},"f":{"0":3,"1":2,"2":3,"3":1,"4":2},"b":{"0":[0,3],"1":[6,4],"2":[4,1]},"_coverageSchema":"1a1c01bbd47fc00a2c39e90264f33305004495a9","hash":"0b8318623a395c34e125ad80bab6864f5b821e06"}
,"C:\\Users\\ZIDANE\\Desktop\\code\\test\\test-eigen\\src\\features\\home\\pages\\HomeIndex\\components\\index.ts": {"path":"C:\\Users\\ZIDANE\\Desktop\\code\\test\\test-eigen\\src\\features\\home\\pages\\HomeIndex\\components\\index.ts","statementMap":{},"fnMap":{},"branchMap":{},"s":{},"f":{},"b":{},"_coverageSchema":"1a1c01bbd47fc00a2c39e90264f33305004495a9","hash":"0235e327f50dc6e85229a637586ee7d7e0c62050"}
,"C:\\Users\\ZIDANE\\Desktop\\code\\test\\test-eigen\\src\\features\\home\\pages\\HomeIndex\\components\\HomeCardSkeleton\\index.tsx": {"path":"C:\\Users\\ZIDANE\\Desktop\\code\\test\\test-eigen\\src\\features\\home\\pages\\HomeIndex\\components\\HomeCardSkeleton\\index.tsx","statementMap":{"0":{"start":{"line":4,"column":35},"end":{"line":19,"column":1}},"1":{"start":{"line":5,"column":2},"end":{"line":18,"column":5}},"2":{"start":{"line":7,"column":6},"end":{"line":16,"column":12}}},"fnMap":{"0":{"name":"(anonymous_0)","decl":{"start":{"line":4,"column":35},"end":{"line":4,"column":36}},"loc":{"start":{"line":5,"column":2},"end":{"line":18,"column":5}},"line":5},"1":{"name":"(anonymous_1)","decl":{"start":{"line":6,"column":35},"end":{"line":6,"column":36}},"loc":{"start":{"line":7,"column":6},"end":{"line":16,"column":12}},"line":7}},"branchMap":{},"s":{"0":2,"1":1,"2":6},"f":{"0":1,"1":6},"b":{},"_coverageSchema":"1a1c01bbd47fc00a2c39e90264f33305004495a9","hash":"486876e10d1c1a24b812604ef7e403a13bdce5e5"}
,"C:\\Users\\ZIDANE\\Desktop\\code\\test\\test-eigen\\src\\features\\home\\pages\\HomeIndex\\components\\HomeNewsCard\\index.tsx": {"path":"C:\\Users\\ZIDANE\\Desktop\\code\\test\\test-eigen\\src\\features\\home\\pages\\HomeIndex\\components\\HomeNewsCard\\index.tsx","statementMap":{"0":{"start":{"line":8,"column":46},"end":{"line":43,"column":1}},"1":{"start":{"line":14,"column":19},"end":{"line":14,"column":32}},"2":{"start":{"line":16,"column":24},"end":{"line":18,"column":3}},"3":{"start":{"line":17,"column":4},"end":{"line":17,"column":41}},"4":{"start":{"line":20,"column":2},"end":{"line":42,"column":4}}},"fnMap":{"0":{"name":"(anonymous_0)","decl":{"start":{"line":8,"column":46},"end":{"line":8,"column":47}},"loc":{"start":{"line":13,"column":6},"end":{"line":43,"column":1}},"line":13},"1":{"name":"(anonymous_1)","decl":{"start":{"line":16,"column":24},"end":{"line":16,"column":25}},"loc":{"start":{"line":16,"column":30},"end":{"line":18,"column":3}},"line":16}},"branchMap":{"0":{"loc":{"start":{"line":11,"column":2},"end":{"line":11,"column":52}},"type":"default-arg","locations":[{"start":{"line":11,"column":15},"end":{"line":11,"column":52}}],"line":11},"1":{"loc":{"start":{"line":12,"column":2},"end":{"line":12,"column":19}},"type":"default-arg","locations":[{"start":{"line":12,"column":16},"end":{"line":12,"column":19}}],"line":12}},"s":{"0":2,"1":3,"2":3,"3":1,"4":3},"f":{"0":3,"1":1},"b":{"0":[1],"1":[1]},"_coverageSchema":"1a1c01bbd47fc00a2c39e90264f33305004495a9","hash":"12aa08933a4e0202cf4a29728a14c6f151d50def"}
}
