TN:
SF:src\features\app\utils\index.ts
FN:1,(anonymous_0)
FN:5,(anonymous_1)
FN:6,(anonymous_2)
FN:14,(anonymous_3)
FN:31,(anonymous_4)
FNF:5
FNH:5
FNDA:3,(anonymous_0)
FNDA:2,(anonymous_1)
FNDA:3,(anonymous_2)
FNDA:1,(anonymous_3)
FNDA:2,(anonymous_4)
DA:1,1
DA:2,3
DA:5,1
DA:6,3
DA:7,2
DA:8,2
DA:14,1
DA:18,1
DA:20,1
DA:21,1
DA:22,6
DA:25,1
DA:26,4
DA:28,1
DA:31,1
DA:32,2
DA:33,2
DA:35,2
DA:36,6
DA:37,6
DA:40,2
DA:41,2
LF:22
LH:22
BRDA:6,0,0,0
BRDA:6,0,1,3
BRDA:22,1,0,6
BRDA:22,1,1,4
BRDA:26,2,0,4
BRDA:26,2,1,1
BRF:6
BRH:5
end_of_record
TN:
SF:src\features\home\pages\HomeIndex\components\index.ts
FNF:0
FNH:0
LF:0
LH:0
BRF:0
BRH:0
end_of_record
TN:
SF:src\features\home\pages\HomeIndex\components\HomeCardSkeleton\index.tsx
FN:4,(anonymous_0)
FN:6,(anonymous_1)
FNF:2
FNH:2
FNDA:1,(anonymous_0)
FNDA:6,(anonymous_1)
DA:4,2
DA:5,1
DA:7,6
LF:3
LH:3
BRF:0
BRH:0
end_of_record
TN:
SF:src\features\home\pages\HomeIndex\components\HomeNewsCard\index.tsx
FN:8,(anonymous_0)
FN:16,(anonymous_1)
FNF:2
FNH:2
FNDA:3,(anonymous_0)
FNDA:1,(anonymous_1)
DA:8,2
DA:14,3
DA:16,3
DA:17,1
DA:20,3
LF:5
LH:5
BRDA:11,0,0,1
BRDA:12,1,0,1
BRF:2
BRH:2
end_of_record
